First pass: checking feeds for recent activity...
Checked Chasing Dings!: recent_activity=False
Checked An Archaeopteryx: recent_activity=False
Checked Musing over Pints and Coffee: recent_activity=False
Checked MMO Casual: recent_activity=False
Checked Heartless Gamer: recent_activity=False
Checked Tales of the Aggronaut: recent_activity=False
Checked Words Under My Name: recent_activity=False
Checked Dragonchasers: recent_activity=False
Checked Inventory Full: recent_activity=False
Checked Scopique: recent_activity=False
Checked The Friendly Necromancer: recent_activity=False
Checked The Ancient Gaming Noob: recent_activity=True
Checked Lisette's Mxtadventures: recent_activity=False
Checked Monsterlady's Diary: recent_activity=False
Checked Nik Kantar: recent_activity=False
Checked The Ghastly Mirror: recent_activity=False
Checked Frostilyte Writes: recent_activity=False
Checked Scripting News: recent_activity=True
Checked Coding Horror: recent_activity=False
Checked Schneier on Security: recent_activity=False
Checked Ongoing: recent_activity=False
Checked Jamie Zawinski's Blog: recent_activity=True
Checked Tobold's Blog: recent_activity=True
Checked Contains Moderate Peril: recent_activity=False
Checked Bio Break: recent_activity=False
Checked In An Age: recent_activity=False
Checked A Pixel Nomad: recent_activity=False
Checked Aywren's Nook: recent_activity=False
Checked The Boardgames Chronicle: recent_activity=False
Checked Mailvaltar: recent_activity=False
Checked Smith Talks Tech: recent_activity=False
Checked CrazyKinux's Musings: recent_activity=False
Checked Tofutush's Blog: recent_activity=False
Checked Indiecator: recent_activity=False
Checked Ready Pixel One: recent_activity=False
Checked WCRobinson: recent_activity=False
Checked Time to Loot: recent_activity=False
Checked Axxuy: recent_activity=False
Checked Hamatti: recent_activity=False
Checked West Karana: recent_activity=False
Checked Virtual Moose: recent_activity=False
Checked Going Commando: recent_activity=False
Checked Priest with a Cause: recent_activity=False
Checked Grumpy Gamer: recent_activity=False
Checked usebox.net: recent_activity=False
Checked Kimimi the Game Eating She-Monster: recent_activity=False
Checked Cliffski's Blog: recent_activity=True
Checked Life on the Wicked Stage: recent_activity=True
Checked Luna's Gaming Log: recent_activity=False
Checked Leeks Cosy Corner: recent_activity=False
Checked Zarf Updates: recent_activity=False
Checked The Almighty Backlog: recent_activity=True
Checked READ ONLY MEMO: recent_activity=False
Checked nicole express: recent_activity=False
Checked Quarter Circle Forward: recent_activity=False
Checked Buried Treasure: recent_activity=False
Checked Margot Plays: recent_activity=False
Checked Sweetie Games: recent_activity=True
Checked Good Game Lobby: recent_activity=False
Checked Alexia Unplugged: recent_activity=False
Checked Oya's Game Hub: recent_activity=False
Checked Sid's Blog: recent_activity=False
Checked Tom's Gaming Vault: recent_activity=False
Checked Donkeyspace: recent_activity=False
Checked Leaded Solder: recent_activity=False
Checked brennan.day: recent_activity=False
Checked Endgame Viable: recent_activity=False
Checked Auric Quanta Strategies: recent_activity=False
Checked False Machine: recent_activity=False
Checked Full Time Casual: recent_activity=False
Checked The Digital Antiquarian: recent_activity=False
Checked Retro XP: recent_activity=False
Required feeds (always first): ['Chasing Dings!', 'The Ancient Gaming Noob', 'Scripting News']
Other feeds to be sorted by selection history: ['An Archaeopteryx', 'Musing over Pints and Coffee', 'MMO Casual', 'Heartless Gamer', 'Tales of the Aggronaut', 'Words Under My Name', 'Dragonchasers', 'Inventory Full', 'Scopique', 'The Friendly Necromancer', "Lisette's Mxtadventures", "Monsterlady's Diary", 'Nik Kantar', 'The Ghastly Mirror', 'Frostilyte Writes', 'Coding Horror', 'Schneier on Security', 'Ongoing', "Jamie Zawinski's Blog", "Tobold's Blog", 'Contains Moderate Peril', 'Bio Break', 'In An Age', 'A Pixel Nomad', "Aywren's Nook", 'The Boardgames Chronicle', 'Mailvaltar', 'Smith Talks Tech', "CrazyKinux's Musings", "Tofutush's Blog", 'Indiecator', 'Ready Pixel One', 'WCRobinson', 'Time to Loot', 'Axxuy', 'Hamatti', 'West Karana', 'Virtual Moose', 'Going Commando', 'Priest with a Cause', 'Grumpy Gamer', 'usebox.net', 'Kimimi the Game Eating She-Monster', "Cliffski's Blog", 'Life on the Wicked Stage', "Luna's Gaming Log", 'Leeks Cosy Corner', 'Zarf Updates', 'The Almighty Backlog', 'READ ONLY MEMO', 'nicole express', 'Quarter Circle Forward', 'Buried Treasure', 'Margot Plays', 'Sweetie Games', 'Good Game Lobby', 'Alexia Unplugged', "Oya's Game Hub", "Sid's Blog", "Tom's Gaming Vault", 'Donkeyspace', 'Leaded Solder', 'brennan.day', 'Endgame Viable', 'Auric Quanta Strategies', 'False Machine', 'Full Time Casual', 'The Digital Antiquarian', 'Retro XP']
Feed selection priority order (other feeds):
  Lisette's Mxtadventures: Never selected
  Nik Kantar: Never selected
  The Ghastly Mirror: Never selected
  Ready Pixel One: Never selected
  Quarter Circle Forward: 68 days since last selection
  Auric Quanta Strategies: 51 days since last selection
  Smith Talks Tech: 49 days since last selection
  Margot Plays: 47 days since last selection
  Alexia Unplugged: 39 days since last selection
  Full Time Casual: 39 days since last selection

Processing feed: The Ancient Gaming Noob https://tagn.wordpress.com/feed/
Picking entry: In Which I Accidentally Get a Solo Kill https://tagn.wordpress.com/2026/05/02/in-which-i-accidentally-get-a-solo-kill/
Fetching readable content for URL: https://tagn.wordpress.com/2026/05/02/in-which-i-accidentally-get-a-solo-kill/
Fetched article length: 5045 characters
Picked item: In Which I Accidentally Get a Solo Kill from The Ancient Gaming Noob
Feed cap reached, stopping.
Updated selection tracking for The Ancient Gaming Noob

Processing feed: Scripting News http://scripting.com/rss.xml
Picking entry:  http://scripting.com/2026/05/02.html#a023128
Fetching readable content for URL: http://scripting.com/2026/05/02.html#a023128
Fetched article length: 4973 characters
Picked item: (untitled) from Scripting News
Feed cap reached, stopping.
Updated selection tracking for Scripting News

Processing feed: Chasing Dings! https://chasingdings.com/feed/
Skipping entry older than last_ts: https://chasingdings.com/2026/04/29/giiker-super-reversi/
Skipping entry older than last_ts: https://chasingdings.com/2026/04/27/speedrunning-windrose/
Skipping entry older than last_ts: https://chasingdings.com/2026/04/23/frosthaven-115-pylon-problems/
Skipping entry older than last_ts: https://chasingdings.com/2026/04/21/windrose-yo-ho-ho-its-the-pirate-life-for-me/
Skipping entry older than last_ts: https://chasingdings.com/2026/04/12/dune-awakening-packing-up-the-base-for-good/
Skipping entry older than last_ts: https://chasingdings.com/2026/04/09/pokopia-zero-dawn/
Skipping entry older than last_ts: https://chasingdings.com/2026/04/06/vectrex-mini-the-light-speed-ship/
Skipping entry older than last_ts: https://chasingdings.com/2026/04/04/i-cleaned-out-my-local-stores-vectrex-library/
Skipping entry older than last_ts: https://chasingdings.com/2026/04/03/an-evening-in-pokopia/
Skipping entry older than last_ts: https://chasingdings.com/2026/03/28/blasts-from-the-past-is-it-the-90s-again/

Processing feed: Lisette's Mxtadventures https://lisettesmxtadventures.wordpress.com/feed/?alt=rss
Skipping entry older than last_ts: https://lisettesmxtadventures.wordpress.com/2025/09/25/little-joys-the-numbers/
Skipping entry older than last_ts: https://lisettesmxtadventures.wordpress.com/2025/09/23/trying-seasonal-drinks/
Skipping entry older than last_ts: https://lisettesmxtadventures.wordpress.com/2025/09/21/little-joys-frog-bowl/
Skipping entry older than last_ts: https://lisettesmxtadventures.wordpress.com/2025/09/20/4-years-of-semi-failed-cooking-attempts/
Skipping entry older than last_ts: https://lisettesmxtadventures.wordpress.com/2025/09/15/life-has-been-a-juggle-fest/
Skipping entry older than last_ts: https://lisettesmxtadventures.wordpress.com/2025/08/25/making-a-finished-product/
Skipping entry older than last_ts: https://lisettesmxtadventures.wordpress.com/2025/08/22/recovery-day-3/
Skipping entry older than last_ts: https://lisettesmxtadventures.wordpress.com/2025/08/19/one-less-tooth/
Skipping entry older than last_ts: https://lisettesmxtadventures.wordpress.com/2025/08/18/less-features-less-convenience/
Skipping entry older than last_ts: https://lisettesmxtadventures.wordpress.com/2025/08/17/driving-endurance/

Processing feed: Nik Kantar https://nkantar.com/blog/feed/
Picking entry: North Bay Python 2026: The Afterfeels https://nkantar.com/blog/2026/05/nbpy-2026-afterfeels/
Fetching readable content for URL: https://nkantar.com/blog/2026/05/nbpy-2026-afterfeels/
Fetched article length: 7403 characters
Picked item: North Bay Python 2026: The Afterfeels from Nik Kantar
Feed cap reached, stopping.
Updated selection tracking for Nik Kantar

Processing feed: The Ghastly Mirror https://www.ghastlymirror.xyz/rss.xml
No new entries.

Processing feed: Ready Pixel One https://feeds.feedburner.com/squarespace/AxkEtpjNxtZ
Skipping entry older than last_ts: https://www.readypixelone.com/blog/edgecase
Skipping entry older than last_ts: https://www.readypixelone.com/blog/quietwaters-stirringshadows
Skipping entry older than last_ts: https://www.readypixelone.com/blog/smallbutmighty
Skipping entry older than last_ts: https://www.readypixelone.com/blog/arrivalonembercoastreach
Skipping entry older than last_ts: https://www.readypixelone.com/blog/dalaran-remembered
Skipping entry older than last_ts: https://www.readypixelone.com/blog/daytwoatsea
Skipping entry older than last_ts: https://www.readypixelone.com/blog/shadowsstirsistersendure
Skipping entry older than last_ts: https://www.readypixelone.com/blog/rootedinlegacy
Skipping entry older than last_ts: https://www.readypixelone.com/blog/meet-the-runelight-sisters
Skipping entry older than last_ts: https://www.readypixelone.com/blog/toward-an-uncharted-shore
Skipping entry older than last_ts: https://www.readypixelone.com/blog/roleplay-real-bonds
Skipping entry older than last_ts: https://www.readypixelone.com/blog/the-weight-of-stillness
Skipping entry older than last_ts: https://www.readypixelone.com/blog/much-excite
Skipping entry older than last_ts: https://www.readypixelone.com/blog/hello-world

Processing feed: Quarter Circle Forward https://quartercircleforward.blog/feed/
Skipping entry older than last_ts: https://quartercircleforward.blog/2026/02/24/i-love-the-stupid-virtual-boy-thing/
Skipping entry older than last_ts: https://quartercircleforward.blog/2026/01/26/quest-64-check-in-week-2/
Skipping entry older than last_ts: https://quartercircleforward.blog/2026/01/09/quest-64-check-in-week-1/
Skipping entry older than last_ts: https://quartercircleforward.blog/2025/12/31/top-ten-games-of-2025/
Skipping entry older than last_ts: https://quartercircleforward.blog/2025/12/02/kirby-air-riders-review/
Skipping entry older than last_ts: https://quartercircleforward.blog/2025/11/12/random-game-wednesdays-conkers-bad-fur-day-n64/
Skipping entry older than last_ts: https://quartercircleforward.blog/2025/11/10/the-great-video-game-catch-up-post-of-2025/
Skipping entry older than last_ts: https://quartercircleforward.blog/2025/07/28/going-bananas-donkey-kong-bananza-review/
Skipping entry older than last_ts: https://quartercircleforward.blog/2025/06/05/mario-kart-world-first-impressions/
Skipping entry older than last_ts: https://quartercircleforward.blog/2025/06/05/nintendo-switch-2-first-impressions/

Processing feed: Auric Quanta Strategies https://auricquantastrategies.space/feed/
Skipping entry older than last_ts: https://auricquantastrategies.space/2026/03/12/un-tidi-markets-trying-to-untangle-whatever-is-going-on-in-the-forge-and-metropolis/
Skipping entry older than last_ts: https://auricquantastrategies.space/2026/03/03/new-eden-banter-1-its-the-economy-stupid-eve-at-23/
Skipping entry older than last_ts: https://auricquantastrategies.space/2026/02/28/what-the-hek/
Skipping entry older than last_ts: https://auricquantastrategies.space/2025/09/19/fni-in-flux-the-market-after-the-meta-shift/
Skipping entry older than last_ts: https://auricquantastrategies.space/2025/09/11/salvage-bittervets-nothing-too-weird-about-crashing-the-market/
Skipping entry older than last_ts: https://auricquantastrategies.space/2025/08/29/thats-a-gneiss-venture-you-got-there-pyerite-low-sec-and-ccplease/
Skipping entry older than last_ts: https://auricquantastrategies.space/2025/08/21/commentary-july-2025-mer/
Skipping entry older than last_ts: https://auricquantastrategies.space/2025/07/15/commentary-junes-mer-minerals/
Skipping entry older than last_ts: https://auricquantastrategies.space/2025/06/24/heat-index-of-37c-o-isotopes-heating-up/
Skipping entry older than last_ts: https://auricquantastrategies.space/2025/06/19/too-cold-to-hold-ice-product-markets-arent-melting-yet/

Processing feed: Smith Talks Tech https://smithtalkstech.com/feed/
No new entries.

Processing feed: Margot Plays https://margotplays.substack.com/feed
Skipping entry older than last_ts: https://margotplays.substack.com/p/reviews-kena-bridge-of-spririts
Skipping entry older than last_ts: https://margotplays.substack.com/p/reviews-hermit-and-pig
Skipping entry older than last_ts: https://margotplays.substack.com/p/lists-steam-next-fest-demos-feb-2026
Skipping entry older than last_ts: https://margotplays.substack.com/p/play-through-the-legend-of-zelda-4bb
Skipping entry older than last_ts: https://margotplays.substack.com/p/game-journal-feb-2026
Skipping entry older than last_ts: https://margotplays.substack.com/p/reviews-lil-gator-game
Skipping entry older than last_ts: https://margotplays.substack.com/p/game-journal-jan-2026
Skipping entry older than last_ts: https://margotplays.substack.com/p/thoughts-6-months-of-the-switch-2
Skipping entry older than last_ts: https://margotplays.substack.com/p/reviews-the-last-campfire
Skipping entry older than last_ts: https://margotplays.substack.com/p/a-year-in-review-2026
Skipping entry older than last_ts: https://margotplays.substack.com/p/reviews-crypt-custodian
Skipping entry older than last_ts: https://margotplays.substack.com/p/game-journal-dec-2025
Skipping entry older than last_ts: https://margotplays.substack.com/p/reviews-neva
Skipping entry older than last_ts: https://margotplays.substack.com/p/reviews-animal-well
Skipping entry older than last_ts: https://margotplays.substack.com/p/thoughts-retro-games-and-emulation
Skipping entry older than last_ts: https://margotplays.substack.com/p/game-journal-nov-2025
Skipping entry older than last_ts: https://margotplays.substack.com/p/reviews-toem
Skipping entry older than last_ts: https://margotplays.substack.com/p/thoughts-do-i-actually-want-to-play
Skipping entry older than last_ts: https://margotplays.substack.com/p/lists-3-games-i-am-looking-forward
Skipping entry older than last_ts: https://margotplays.substack.com/p/reviews-pokemon-legends-z-a

Processing feed: Alexia Unplugged https://alexiaunplugged.com/feed/
Skipping entry older than last_ts: https://alexiaunplugged.com/2026/03/24/i-played-30-games-in-2025-will-i-play-them-in-2026/
Skipping entry older than last_ts: https://alexiaunplugged.com/2026/01/21/8-most-anticipated-cozy-games-of-2026/
Skipping entry older than last_ts: https://alexiaunplugged.com/2026/01/05/2026-update/
Skipping entry older than last_ts: https://alexiaunplugged.com/2025/11/30/5-easy-ways-practice-self-care/
Skipping entry older than last_ts: https://alexiaunplugged.com/2025/11/02/roguelite-beginner-games/
Skipping entry older than last_ts: https://alexiaunplugged.com/2025/10/06/phone-games-to-play-on-the-go/
Skipping entry older than last_ts: https://alexiaunplugged.com/2025/03/22/solarpunk-demo-review/
Skipping entry older than last_ts: https://alexiaunplugged.com/2025/03/02/marvel-rivals-should-be-for-the-girls/
Skipping entry older than last_ts: https://alexiaunplugged.com/2024/11/13/is-palia-good-2024/
Skipping entry older than last_ts: https://alexiaunplugged.com/2024/11/04/cozy-co-op-game-masterlist/

Processing feed: Full Time Casual https://blog.kevinbrill.com/feeds/posts/default
No new entries.

Processing feed: Buried Treasure https://buried-treasure.org/feed/
No new entries.

Processing feed: CrazyKinux's Musings https://feeds.feedburner.com/CrazykinuxsMusing
Skipping entry older than last_ts: http://www.crazykinux.ca/2026/04/what-returning-eve-online-players-need.html
Skipping entry older than last_ts: http://www.crazykinux.ca/2026/04/backrooms-this-is-horror-that-gets.html
Skipping entry older than last_ts: http://www.crazykinux.ca/2026/04/the-ten-commandments-of-returning-eve.html
Skipping entry older than last_ts: http://www.crazykinux.ca/2026/04/new-eden-banter-2-topic-announcement.html
Skipping entry older than last_ts: http://www.crazykinux.ca/2026/03/weekend-refit-my-merlin-gets-teeth-and.html
Skipping entry older than last_ts: http://www.crazykinux.ca/2026/03/when-ccp-snubs-its-most-dedicated.html
Skipping entry older than last_ts: http://www.crazykinux.ca/2026/03/the-safe-spot-episode-4-ff4a-beyond.html
Skipping entry older than last_ts: http://www.crazykinux.ca/2026/03/clipped-wings-new-teeth-refitting.html
Skipping entry older than last_ts: http://www.crazykinux.ca/2026/03/star-wars-would-be-better-off-without.html
Skipping entry older than last_ts: http://www.crazykinux.ca/2026/03/dune-part-three-darker-bigger-and.html
Skipping entry older than last_ts: http://www.crazykinux.ca/2026/03/learning-to-fly-finding-my-wings-in-eve.html
Skipping entry older than last_ts: http://www.crazykinux.ca/2026/03/disclosure-day-spielberg-goes-back-to.html
Skipping entry older than last_ts: http://www.crazykinux.ca/2026/03/episode-3-of-safe-spot-is-here-this-one.html
Skipping entry older than last_ts: http://www.crazykinux.ca/2026/03/four-screenshots-thats-all-it-took-for.html
Skipping entry older than last_ts: http://www.crazykinux.ca/2026/03/a-lament-for-galaxy-that-could-have.html
Skipping entry older than last_ts: http://www.crazykinux.ca/2026/03/new-eden-banter-1-mmo-that-keeps.html
Skipping entry older than last_ts: http://www.crazykinux.ca/2026/02/the-safe-spot-episode-2-depths-of-eve.html
Skipping entry older than last_ts: http://www.crazykinux.ca/2026/02/new-eden-banter-prompt-neb-1-eve.html
Skipping entry older than last_ts: http://www.crazykinux.ca/2026/02/the-new-eden-banter-eve-blog-banter.html
Skipping entry older than last_ts: http://www.crazykinux.ca/2026/02/the-mirage-of-safe-place-and-taste-for.html
Skipping entry older than last_ts: http://www.crazykinux.ca/2026/02/getting-dropped-into-fallout-ttrpg-mid.html
Skipping entry older than last_ts: http://www.crazykinux.ca/2001/02/eve-online-translated-lingo-glossary.html
Skipping entry older than last_ts: http://www.crazykinux.ca/2026/02/the-safe-spot-is-live-and-im-equal.html
Skipping entry older than last_ts: http://www.crazykinux.ca/2026/02/hauling-safely-in-eve-online-hard-won.html
Skipping entry older than last_ts: http://www.crazykinux.ca/2026/02/the-expanse-osiris-rebornowlcats-rpg.html

Processing feed: Mailvaltar https://mailvaltar.wordpress.com/feed/
Skipping entry older than last_ts: https://mailvaltar.wordpress.com/2026/04/09/the-poison-masters-search-for-loot/
Skipping entry older than last_ts: https://mailvaltar.wordpress.com/2026/04/02/going-full-on-ninja-in-diablo-ii/
Skipping entry older than last_ts: https://mailvaltar.wordpress.com/2026/03/27/the-horror-reaches-its-zenith/
Skipping entry older than last_ts: https://mailvaltar.wordpress.com/2026/03/05/the-winter-of-horrors-continues/
Skipping entry older than last_ts: https://mailvaltar.wordpress.com/2026/02/19/reign-of-the-warlock-early-thoughts/
Skipping entry older than last_ts: https://mailvaltar.wordpress.com/2026/02/12/holy-hell-this-is-real/
Skipping entry older than last_ts: https://mailvaltar.wordpress.com/2026/01/16/a-winter-of-horrors-part-ii/
Skipping entry older than last_ts: https://mailvaltar.wordpress.com/2025/12/08/a-winter-of-horrors/
Skipping entry older than last_ts: https://mailvaltar.wordpress.com/2025/11/11/deep-desert-purple-sand/
Skipping entry older than last_ts: https://mailvaltar.wordpress.com/2025/10/14/hagga-basin-conquered/

Processing feed: Grumpy Gamer https://www.grumpygamer.com/rss
Skipping entry older than last_ts: https://grumpygamer.com/dbs_consoles/
Skipping entry older than last_ts: https://grumpygamer.com/april_fools_2026/
Skipping entry older than last_ts: https://grumpygamer.com/my_dinner_with_ai/
Skipping entry older than last_ts: https://grumpygamer.com/tomorrow_never_came/
Skipping entry older than last_ts: https://grumpygamer.com/dbs_bug/
Skipping entry older than last_ts: https://grumpygamer.com/this_time_for_sure/
Skipping entry older than last_ts: https://grumpygamer.com/hu_comments/
Skipping entry older than last_ts: https://grumpygamer.com/making_ip/
Skipping entry older than last_ts: https://grumpygamer.com/sqlite_comments/
Skipping entry older than last_ts: https://grumpygamer.com/dbs_testing/
Skipping entry older than last_ts: https://grumpygamer.com/dbs_release_date/
Skipping entry older than last_ts: https://grumpygamer.com/dbs_history/
Skipping entry older than last_ts: https://grumpygamer.com/git_json_markdown/
Skipping entry older than last_ts: https://grumpygamer.com/deathbyscrolling7/
Skipping entry older than last_ts: https://grumpygamer.com/comments_back/
Skipping entry older than last_ts: https://grumpygamer.com/testertron3000/
Skipping entry older than last_ts: https://grumpygamer.com/deathbyscrolling6/
Skipping entry older than last_ts: https://grumpygamer.com/deathbyscrolling5/
Skipping entry older than last_ts: https://grumpygamer.com/deathbyscrolling4/
Skipping entry older than last_ts: https://grumpygamer.com/deathbyscrolling3/
Skipping entry older than last_ts: https://grumpygamer.com/deathbyscrolling2/
Skipping entry older than last_ts: https://grumpygamer.com/deathbyscrolling1/
Skipping entry older than last_ts: https://grumpygamer.com/steam_auth/
Skipping entry older than last_ts: https://grumpygamer.com/april_fools_2025/
Skipping entry older than last_ts: https://grumpygamer.com/deathbyscrolling/
Skipping entry older than last_ts: https://grumpygamer.com/damage_poll/
Skipping entry older than last_ts: https://grumpygamer.com/12_days_of_crunch_time_mention/
Skipping entry older than last_ts: https://grumpygamer.com/hugo/
Skipping entry older than last_ts: https://grumpygamer.com/april_fools_2024/
Skipping entry older than last_ts: https://grumpygamer.com/quest_feedback/
Skipping entry older than last_ts: https://grumpygamer.com/speed_running_mi/
Skipping entry older than last_ts: https://grumpygamer.com/unions/
Skipping entry older than last_ts: https://grumpygamer.com/loom/
Skipping entry older than last_ts: https://grumpygamer.com/april_fools_2023/
Skipping entry older than last_ts: https://grumpygamer.com/rtmi_pdc/
Skipping entry older than last_ts: https://grumpygamer.com/rtmi_is_out/
Skipping entry older than last_ts: https://grumpygamer.com/monkey_island_monday/
Skipping entry older than last_ts: https://grumpygamer.com/rtmi_trailer/
Skipping entry older than last_ts: https://grumpygamer.com/dev_diary/
Skipping entry older than last_ts: https://grumpygamer.com/when_i_made_another_monkeyisland/
Skipping entry older than last_ts: https://grumpygamer.com/return_to_monkey_island/
Skipping entry older than last_ts: https://grumpygamer.com/april_fools_2022/
Skipping entry older than last_ts: https://grumpygamer.com/the_future/
Skipping entry older than last_ts: https://grumpygamer.com/lego7/
Skipping entry older than last_ts: https://grumpygamer.com/lego8/
Skipping entry older than last_ts: https://grumpygamer.com/12_days_of_crunch_time_yet_again/
Skipping entry older than last_ts: https://grumpygamer.com/lego6/
Skipping entry older than last_ts: https://grumpygamer.com/lego5/
Skipping entry older than last_ts: https://grumpygamer.com/lrg_signing/
Skipping entry older than last_ts: https://grumpygamer.com/make_your_own_game_engine/
Skipping entry older than last_ts: https://grumpygamer.com/dystopia/
Skipping entry older than last_ts: https://grumpygamer.com/twitter_part2/
Skipping entry older than last_ts: https://grumpygamer.com/scummvm_20/
Skipping entry older than last_ts: https://grumpygamer.com/favorite_puzzle/
Skipping entry older than last_ts: https://grumpygamer.com/commodore_asm/
Skipping entry older than last_ts: https://grumpygamer.com/dungeoneering/
Skipping entry older than last_ts: https://grumpygamer.com/judith_lucero/
Skipping entry older than last_ts: https://grumpygamer.com/apple_privacy/
Skipping entry older than last_ts: https://grumpygamer.com/april_fools_2021/
Skipping entry older than last_ts: https://grumpygamer.com/sudoku58/
Skipping entry older than last_ts: https://grumpygamer.com/sigh_apple/
Skipping entry older than last_ts: https://grumpygamer.com/01202010/
Skipping entry older than last_ts: https://grumpygamer.com/lego4/
Skipping entry older than last_ts: https://grumpygamer.com/monkey_sound/
Skipping entry older than last_ts: https://grumpygamer.com/lego3/
Skipping entry older than last_ts: https://grumpygamer.com/lego2/
Skipping entry older than last_ts: https://grumpygamer.com/lego1/
Skipping entry older than last_ts: https://grumpygamer.com/lego/
Skipping entry older than last_ts: https://grumpygamer.com/popquiz1/
Skipping entry older than last_ts: https://grumpygamer.com/appveyor/
Skipping entry older than last_ts: https://grumpygamer.com/oh_please_let_this_finally_be_over/
Skipping entry older than last_ts: https://grumpygamer.com/polls/
Skipping entry older than last_ts: https://grumpygamer.com/guybrush_fact_fiction/
Skipping entry older than last_ts: https://grumpygamer.com/monkey_island_game_history/
Skipping entry older than last_ts: https://grumpygamer.com/azure/
Skipping entry older than last_ts: https://grumpygamer.com/calm_2020/
Skipping entry older than last_ts: https://grumpygamer.com/1092fb6ef01aefda7480fae/
Skipping entry older than last_ts: https://grumpygamer.com/mi_game_history_stream/
Skipping entry older than last_ts: https://grumpygamer.com/talk_like_pirate_2020/
Skipping entry older than last_ts: https://grumpygamer.com/ads/
Skipping entry older than last_ts: https://grumpygamer.com/delores_linux_testing/
Skipping entry older than last_ts: https://grumpygamer.com/time_fly2/
Skipping entry older than last_ts: https://grumpygamer.com/time_fly/
Skipping entry older than last_ts: https://grumpygamer.com/dear_facebook/
Skipping entry older than last_ts: https://grumpygamer.com/thirty_years_ago/
Skipping entry older than last_ts: https://grumpygamer.com/disappointing/
Skipping entry older than last_ts: https://grumpygamer.com/the_muse/
Skipping entry older than last_ts: https://grumpygamer.com/json/
Skipping entry older than last_ts: https://grumpygamer.com/rpi_2/
Skipping entry older than last_ts: https://grumpygamer.com/rpi/
Skipping entry older than last_ts: https://grumpygamer.com/linux_password_manager/
Skipping entry older than last_ts: https://grumpygamer.com/linux_first_post/
Skipping entry older than last_ts: https://grumpygamer.com/my_linux_laptop/
Skipping entry older than last_ts: https://grumpygamer.com/masks/
Skipping entry older than last_ts: https://grumpygamer.com/view_window/
Skipping entry older than last_ts: https://grumpygamer.com/3ccfce227f5ccdaf3745635/
Skipping entry older than last_ts: https://grumpygamer.com/1956fb68cd8e4810bc554d2/
Skipping entry older than last_ts: https://grumpygamer.com/2b51cf685635aaf29a87959/
Skipping entry older than last_ts: https://grumpygamer.com/static_converter/
Skipping entry older than last_ts: https://grumpygamer.com/bad_apples/
Skipping entry older than last_ts: https://grumpygamer.com/delores_gog/
Skipping entry older than last_ts: https://grumpygamer.com/twp_forums_down/
Skipping entry older than last_ts: https://grumpygamer.com/gbt_url/
Skipping entry older than last_ts: https://grumpygamer.com/delores_dev/
Skipping entry older than last_ts: https://grumpygamer.com/historyofpants_com/
Skipping entry older than last_ts: https://grumpygamer.com/python/
Skipping entry older than last_ts: https://grumpygamer.com/delores_podcast/
Skipping entry older than last_ts: https://grumpygamer.com/delores_podcast_call_for_questions/
Skipping entry older than last_ts: https://grumpygamer.com/right_click_to_skip_dialog/
Skipping entry older than last_ts: https://grumpygamer.com/linux_laptop/
Skipping entry older than last_ts: https://grumpygamer.com/what_i_did_during_the_pandemic/
Skipping entry older than last_ts: https://grumpygamer.com/sprites_as_a_service/
Skipping entry older than last_ts: https://grumpygamer.com/craftinginterpreters/
Skipping entry older than last_ts: https://grumpygamer.com/mad_world/
Skipping entry older than last_ts: https://grumpygamer.com/april_fools_2020/
Skipping entry older than last_ts: https://grumpygamer.com/guilty_pleasures/
Skipping entry older than last_ts: https://grumpygamer.com/lock_down/
Skipping entry older than last_ts: https://grumpygamer.com/confinded_to_home/
Skipping entry older than last_ts: https://grumpygamer.com/camera_code/
Skipping entry older than last_ts: https://grumpygamer.com/c64_in_cpp/
Skipping entry older than last_ts: https://grumpygamer.com/378bfcdd7f74f199e1236e5/
Skipping entry older than last_ts: https://grumpygamer.com/bartlows_dread_machine/
Skipping entry older than last_ts: https://grumpygamer.com/purple_meteor/
Skipping entry older than last_ts: https://grumpygamer.com/disassembling_links_awakening/
Skipping entry older than last_ts: https://grumpygamer.com/false_positives/
Skipping entry older than last_ts: https://grumpygamer.com/my_wow_guild/
Skipping entry older than last_ts: https://grumpygamer.com/verbs_verbs_verbs/
Skipping entry older than last_ts: https://grumpygamer.com/tag_line/
Skipping entry older than last_ts: https://grumpygamer.com/warning_2020_lists/
Skipping entry older than last_ts: https://grumpygamer.com/af4fd83d8159e4c31fa38ad/
Skipping entry older than last_ts: https://grumpygamer.com/2019_year_in_review/
Skipping entry older than last_ts: https://grumpygamer.com/eb229e017b0912a472a808d/
Skipping entry older than last_ts: https://grumpygamer.com/f46a3ce4dab45c42d352fd8/
Skipping entry older than last_ts: https://grumpygamer.com/870e85aff598f9e0d44be7a/
Skipping entry older than last_ts: https://grumpygamer.com/759a3bd1c6e6711a1bc91ac/
Skipping entry older than last_ts: https://grumpygamer.com/forager/
Skipping entry older than last_ts: https://grumpygamer.com/dead/
Skipping entry older than last_ts: https://grumpygamer.com/not_okay/
Skipping entry older than last_ts: https://grumpygamer.com/76ff8a6ba8fb46f7813e1ce/
Skipping entry older than last_ts: https://grumpygamer.com/not_talk_like_a_pirate/
Skipping entry older than last_ts: https://grumpygamer.com/fu_dropbox/
Skipping entry older than last_ts: https://grumpygamer.com/35033655e546a5d262131b2/
Skipping entry older than last_ts: https://grumpygamer.com/roguelikes2/
Skipping entry older than last_ts: https://grumpygamer.com/great_wall/
Skipping entry older than last_ts: https://grumpygamer.com/6888868558b6be7d019e991/
Skipping entry older than last_ts: https://grumpygamer.com/7dcb6ee2cfa548013bc47d6/
Skipping entry older than last_ts: https://grumpygamer.com/quit_twitter/
Skipping entry older than last_ts: https://grumpygamer.com/wow_2/
Skipping entry older than last_ts: https://grumpygamer.com/game_postponed/
Skipping entry older than last_ts: https://grumpygamer.com/monkey_island_tv/
Skipping entry older than last_ts: https://grumpygamer.com/april_fools_2019/
Skipping entry older than last_ts: https://grumpygamer.com/6254192ddda7934478dc2f7/
Skipping entry older than last_ts: https://grumpygamer.com/mi_music1/
Skipping entry older than last_ts: https://grumpygamer.com/deadcells/
Skipping entry older than last_ts: https://grumpygamer.com/fuck_subscription_software/
Skipping entry older than last_ts: https://grumpygamer.com/darkest_dungeon/
Skipping entry older than last_ts: https://grumpygamer.com/042d95387e3186868dff0b2/
Skipping entry older than last_ts: https://grumpygamer.com/9a95ab189b236dc71ea8a45/
Skipping entry older than last_ts: https://grumpygamer.com/7ac05e7792e15247cce3723/
Skipping entry older than last_ts: https://grumpygamer.com/voyager/
Skipping entry older than last_ts: https://grumpygamer.com/technology_ranked/
Skipping entry older than last_ts: https://grumpygamer.com/3568a6e5d615bbba0faaf76/
Skipping entry older than last_ts: https://grumpygamer.com/goodbye_2018/
Skipping entry older than last_ts: https://grumpygamer.com/twp_sales/
Skipping entry older than last_ts: https://grumpygamer.com/ten_great_puzzles/
Skipping entry older than last_ts: https://grumpygamer.com/pulley/
Skipping entry older than last_ts: https://grumpygamer.com/wow2/
Skipping entry older than last_ts: https://grumpygamer.com/what_do_you_think/
Skipping entry older than last_ts: https://grumpygamer.com/unit_testing1/
Skipping entry older than last_ts: https://grumpygamer.com/casting/
Skipping entry older than last_ts: https://grumpygamer.com/432108ac08fc38939b2cfc1/
Skipping entry older than last_ts: https://grumpygamer.com/bug_database/
Skipping entry older than last_ts: https://grumpygamer.com/job_opening/
Skipping entry older than last_ts: https://grumpygamer.com/a7a7d0f72723d4730972d6a/
Skipping entry older than last_ts: https://grumpygamer.com/roguelike_4/
Skipping entry older than last_ts: https://grumpygamer.com/273c7616afaf19ec75870e0/
Skipping entry older than last_ts: https://grumpygamer.com/9e68ca2389165ec1f52aa6f/
Skipping entry older than last_ts: https://grumpygamer.com/ci/
Skipping entry older than last_ts: https://grumpygamer.com/68cbf431331492d3ddc5900/
Skipping entry older than last_ts: https://grumpygamer.com/octopath_traveler/
Skipping entry older than last_ts: https://grumpygamer.com/why_so_hard_ms/
Skipping entry older than last_ts: https://grumpygamer.com/ab36a3c7503ead5c3fe9f7f/
Skipping entry older than last_ts: https://grumpygamer.com/git_question/
Skipping entry older than last_ts: https://grumpygamer.com/penny_wise/
Skipping entry older than last_ts: https://grumpygamer.com/1c0d050224fae515d4ee164/
Skipping entry older than last_ts: https://grumpygamer.com/94c3750ac035c3f655ec0e1/
Skipping entry older than last_ts: https://grumpygamer.com/6587cc76ff78aed87762638/
Skipping entry older than last_ts: https://grumpygamer.com/a427c6c12939a1ef719e6ff/
Skipping entry older than last_ts: https://grumpygamer.com/norway_iceland/
Skipping entry older than last_ts: https://grumpygamer.com/battle_royale_for_introverts/
Skipping entry older than last_ts: https://grumpygamer.com/scope_budget_schedule/
Skipping entry older than last_ts: https://grumpygamer.com/current_status_0412a/
Skipping entry older than last_ts: https://grumpygamer.com/april_fools_2018/
Skipping entry older than last_ts: https://grumpygamer.com/thimbleversary/
Skipping entry older than last_ts: https://grumpygamer.com/50984d2b51dbd0d82c6cc6d/
Skipping entry older than last_ts: https://grumpygamer.com/combat_examples/
Skipping entry older than last_ts: https://grumpygamer.com/new_dice/
Skipping entry older than last_ts: https://grumpygamer.com/holodeck/
Skipping entry older than last_ts: https://grumpygamer.com/a_little_something/
Skipping entry older than last_ts: https://grumpygamer.com/smarter_than_i_am/
Skipping entry older than last_ts: https://grumpygamer.com/ransome_unbeeped/
Skipping entry older than last_ts: https://grumpygamer.com/haunted_by_the_cave/
Skipping entry older than last_ts: https://grumpygamer.com/f3e31b6aa8cf8e5650e9dab/
Skipping entry older than last_ts: https://grumpygamer.com/3ace843b654509e331abbda/
Skipping entry older than last_ts: https://grumpygamer.com/dont_fall_down/
Skipping entry older than last_ts: https://grumpygamer.com/75e837d47ae8303cc114212/
Skipping entry older than last_ts: https://grumpygamer.com/918ee026775aa61f08d39fa/
Skipping entry older than last_ts: https://grumpygamer.com/f919110d379dc3c0a5bd016/
Skipping entry older than last_ts: https://grumpygamer.com/valentines_day_2018/
Skipping entry older than last_ts: https://grumpygamer.com/thimblevinyl/
Skipping entry older than last_ts: https://grumpygamer.com/40124c6f0f1ec440e04b451/
Skipping entry older than last_ts: https://grumpygamer.com/541edf7a3152982f208f0d1/
Skipping entry older than last_ts: https://grumpygamer.com/bbedit/
Skipping entry older than last_ts: https://grumpygamer.com/30f4e60248ef8c86e072fcd/
Skipping entry older than last_ts: https://grumpygamer.com/68abceee851a643812fe5e6/
Skipping entry older than last_ts: https://grumpygamer.com/statistics_question/
Skipping entry older than last_ts: https://grumpygamer.com/twp_sales_by_store/
Skipping entry older than last_ts: https://grumpygamer.com/8b3329f261f58faa30524b8/
Skipping entry older than last_ts: https://grumpygamer.com/tarantino_startrek/
Skipping entry older than last_ts: https://grumpygamer.com/friday_questions_3/
Skipping entry older than last_ts: https://grumpygamer.com/new_steam/
Skipping entry older than last_ts: https://grumpygamer.com/234f81bfd5014e75f2b0e96/
Skipping entry older than last_ts: https://grumpygamer.com/favorite_gamedev_blogs/
Skipping entry older than last_ts: https://grumpygamer.com/6017525b8dd972fa7baa03a/
Skipping entry older than last_ts: https://grumpygamer.com/links_of_the_week_1/
Skipping entry older than last_ts: https://grumpygamer.com/friday_questions_2/
Skipping entry older than last_ts: https://grumpygamer.com/da3c3f5d45d61adab3480bd/
Skipping entry older than last_ts: https://grumpygamer.com/1728dad57df92e42389a28c/
Skipping entry older than last_ts: https://grumpygamer.com/ending_of_the_year/
Skipping entry older than last_ts: https://grumpygamer.com/favorite_programming_blogs/
Skipping entry older than last_ts: https://grumpygamer.com/escape_the_room/
Skipping entry older than last_ts: https://grumpygamer.com/38d57536bc7371c235099f5/
Skipping entry older than last_ts: https://grumpygamer.com/6ed50daaf01e7f7aefba785/
Skipping entry older than last_ts: https://grumpygamer.com/friday_questions_1/
Skipping entry older than last_ts: https://grumpygamer.com/unit_testing_games/
Skipping entry older than last_ts: https://grumpygamer.com/03341583b76a7633683d648/
Skipping entry older than last_ts: https://grumpygamer.com/5f73edfa13b729ef6183b1d/
Skipping entry older than last_ts: https://grumpygamer.com/waldschattenspiel/
Skipping entry older than last_ts: https://grumpygamer.com/2018_goals/
Skipping entry older than last_ts: https://grumpygamer.com/roll_for_the_galaxy/
Skipping entry older than last_ts: https://grumpygamer.com/25ec664dbe22bb4a9da9da3/
Skipping entry older than last_ts: https://grumpygamer.com/golf_story/
Skipping entry older than last_ts: https://grumpygamer.com/luck/
Skipping entry older than last_ts: https://grumpygamer.com/year_in_review_2017/
Skipping entry older than last_ts: https://grumpygamer.com/a3a5b636fafc8ed3fcf3bf0/
Skipping entry older than last_ts: https://grumpygamer.com/back_to_mysql/
Skipping entry older than last_ts: https://grumpygamer.com/3dd6dfc50a6bea9e39ef6a8/
Skipping entry older than last_ts: https://grumpygamer.com/ede799182bfd6170739667e/
Skipping entry older than last_ts: https://grumpygamer.com/12_days_of_crunch_time_again/
Skipping entry older than last_ts: https://grumpygamer.com/1fbbcf9531683c794872e59/
Skipping entry older than last_ts: https://grumpygamer.com/997d23f76d2b04112e6eabb/
Skipping entry older than last_ts: https://grumpygamer.com/vacation2017/
Skipping entry older than last_ts: https://grumpygamer.com/grumpygamer_v3/
Skipping entry older than last_ts: https://grumpygamer.com/350a7737d4136669f66c91c/
Skipping entry older than last_ts: https://grumpygamer.com/monkey25/
Skipping entry older than last_ts: https://grumpygamer.com/thimbleweed_dev_blog/
Skipping entry older than last_ts: https://grumpygamer.com/teenage_lobot/
Skipping entry older than last_ts: https://grumpygamer.com/maniac_mansion_joystick/
Skipping entry older than last_ts: https://grumpygamer.com/e15a030e8ebaf1fc96ec509/
Skipping entry older than last_ts: https://grumpygamer.com/understanding_of_charts/
Skipping entry older than last_ts: https://grumpygamer.com/puzzle_dependency_charts/
Skipping entry older than last_ts: https://grumpygamer.com/scumm_notes/
Skipping entry older than last_ts: https://grumpygamer.com/2d_engine_recommendations/
Skipping entry older than last_ts: https://grumpygamer.com/mi2_best_ending_ever/
Skipping entry older than last_ts: https://grumpygamer.com/maniac_mansion_design_doc/
Skipping entry older than last_ts: https://grumpygamer.com/monkey_poster/
Skipping entry older than last_ts: https://grumpygamer.com/maniac_mansion_design_1/
Skipping entry older than last_ts: https://grumpygamer.com/c64_website/
Skipping entry older than last_ts: https://grumpygamer.com/ten_years_running/
Skipping entry older than last_ts: https://grumpygamer.com/booty_from_seattle1/
Skipping entry older than last_ts: https://grumpygamer.com/monkey_bucks/
Skipping entry older than last_ts: https://grumpygamer.com/who_are_these_pirates/
Skipping entry older than last_ts: https://grumpygamer.com/what_is_an_indie/
Skipping entry older than last_ts: https://grumpygamer.com/monkey_island_design_scribblings/
Skipping entry older than last_ts: https://grumpygamer.com/even_more_monkey_island_design_scribbles/
Skipping entry older than last_ts: https://grumpygamer.com/monkey_island_design_notebook2/
Skipping entry older than last_ts: https://grumpygamer.com/monkey_island_design_notebook1/
Skipping entry older than last_ts: https://grumpygamer.com/year_in_review_2013/
Skipping entry older than last_ts: https://grumpygamer.com/scurvy_ios_reviews/
Skipping entry older than last_ts: https://grumpygamer.com/got_scurvy/
Skipping entry older than last_ts: https://grumpygamer.com/my_favorite_authors/
Skipping entry older than last_ts: https://grumpygamer.com/scurvy_almost_here/
Skipping entry older than last_ts: https://grumpygamer.com/more_scurvy_scallywags/
Skipping entry older than last_ts: https://grumpygamer.com/just_to_clarify_point_12/
Skipping entry older than last_ts: https://grumpygamer.com/if_i_made_another_monkeyisland/
Skipping entry older than last_ts: https://grumpygamer.com/asm/
Skipping entry older than last_ts: https://grumpygamer.com/goodbye_lucasfilm_games/
Skipping entry older than last_ts: https://grumpygamer.com/scurvy_scallywags/
Skipping entry older than last_ts: https://grumpygamer.com/deep_inside_the_cave_part_2/
Skipping entry older than last_ts: https://grumpygamer.com/deep_inside_the_cave_part_1/
Skipping entry older than last_ts: https://grumpygamer.com/complete_map_of_the_cave/
Skipping entry older than last_ts: https://grumpygamer.com/progress_bar_porn/
Skipping entry older than last_ts: https://grumpygamer.com/the_cave_is_out/
Skipping entry older than last_ts: https://grumpygamer.com/the_cave_is_coming/
Skipping entry older than last_ts: https://grumpygamer.com/about/
Skipping entry older than last_ts: https://grumpygamer.com/more_cave_art/
Skipping entry older than last_ts: https://grumpygamer.com/new_cave_trailer/
Skipping entry older than last_ts: https://grumpygamer.com/the_big_big_castle/
Skipping entry older than last_ts: https://grumpygamer.com/the_color_of_money/
Skipping entry older than last_ts: https://grumpygamer.com/the_cave/
Skipping entry older than last_ts: https://grumpygamer.com/what_my_father_meant_to_me/
Skipping entry older than last_ts: https://grumpygamer.com/more_concept_art/
Skipping entry older than last_ts: https://grumpygamer.com/what_is_an_adventure_game/
Skipping entry older than last_ts: https://grumpygamer.com/first_cave_concept_art/
Skipping entry older than last_ts: https://grumpygamer.com/meeting_steve_jobs/
Skipping entry older than last_ts: https://grumpygamer.com/vertical_slice/
Skipping entry older than last_ts: https://grumpygamer.com/making_of_maniac_mansion/
Skipping entry older than last_ts: https://grumpygamer.com/monkey_2_bug_report/
Skipping entry older than last_ts: https://grumpygamer.com/designer_programmer_artist/
Skipping entry older than last_ts: https://grumpygamer.com/tale_of_the_scurvy_raider/
Skipping entry older than last_ts: https://grumpygamer.com/stuff_and_things_and_monkey_island/
Skipping entry older than last_ts: https://grumpygamer.com/studs_terkel/
Skipping entry older than last_ts: https://grumpygamer.com/20_years_of_scumm/
Skipping entry older than last_ts: https://grumpygamer.com/gilligan_is_on_the_roof/
Skipping entry older than last_ts: https://grumpygamer.com/failing_at_your_entertainment/
Skipping entry older than last_ts: https://grumpygamer.com/world_of_warcraft/
Skipping entry older than last_ts: https://grumpygamer.com/12_days_of_crunch_time/
Skipping entry older than last_ts: https://grumpygamer.com/economics_of_an_adventure_game_in_2004/
Skipping entry older than last_ts: https://grumpygamer.com/on_stranger_tides/
Skipping entry older than last_ts: https://grumpygamer.com/why_adventure_games_suck/

Processing feed: WCRobinson https://wcrobinson.org/feed/
Skipping entry older than last_ts: https://wcrobinson.org/2026/04/12/blog-update-adventures-in-wales-my-upcoming-second-marathon-what-im-playing-more/
Skipping entry older than last_ts: https://wcrobinson.org/2026/03/23/gunner-chan-review-a-fast-fun-roguelike-shooter-packing-plenty-of-charm/
Skipping entry older than last_ts: https://wcrobinson.org/2026/02/17/pragmata-sketchbook-review-how-a-20-minute-demo-sold-me-on-this-new-ip/
Skipping entry older than last_ts: https://wcrobinson.org/2026/02/03/hyrule-warriors-age-of-imprisonment-review-the-best-in-the-series-yet/
Skipping entry older than last_ts: https://wcrobinson.org/2026/01/02/my-top-ten-films-of-2025-5-1/
Skipping entry older than last_ts: https://wcrobinson.org/2025/12/31/my-top-ten-films-of-2025-10-6/
Skipping entry older than last_ts: https://wcrobinson.org/2025/12/25/happy-holidays-lessons-from-2025-my-writing-targets-for-next-year/
Skipping entry older than last_ts: https://wcrobinson.org/2025/12/21/skys-the-limit-playing-yu-gi-oh-socially-improving-on-master-duel/
Skipping entry older than last_ts: https://wcrobinson.org/2025/12/06/pokemon-legends-z-a-review-a-real-time-revolution-in-the-process-of-evolution/
Skipping entry older than last_ts: https://wcrobinson.org/2025/10/31/hades-ii-review-a-brilliantly-bewitching-return-to-the-underworld/

Processing feed: Leaded Solder https://www.leadedsolder.com/feed.xml
No new entries.

Processing feed: West Karana https://westkarana.blog/feed/
No new entries.

Processing feed: Dragonchasers https://dragonchasers.com/feed/
No new entries.

Processing feed: Cliffski's Blog https://www.positech.co.uk/cliffsblog/feed/
Picking entry: Solar-Borehole project update! https://www.positech.co.uk/cliffsblog/2026/05/02/solar-borehole-project-update/
Fetching readable content for URL: https://www.positech.co.uk/cliffsblog/2026/05/02/solar-borehole-project-update/
Skipping entry older than last_ts: https://www.positech.co.uk/cliffsblog/2026/04/16/ridiculous-stats-battles/
Skipping entry older than last_ts: https://www.positech.co.uk/cliffsblog/2026/03/28/we-got-a-heat-pump-at-last/
Skipping entry older than last_ts: https://www.positech.co.uk/cliffsblog/2026/03/21/auto-balancing-and-load-testing-ridiculous-space-battles/
Skipping entry older than last_ts: https://www.positech.co.uk/cliffsblog/2026/03/04/is-ai-capable-of-reversing-social-medias-attention-destruction/
Skipping entry older than last_ts: https://www.positech.co.uk/cliffsblog/2026/02/24/unexpected-solar-powered-borehole-update/
Skipping entry older than last_ts: https://www.positech.co.uk/cliffsblog/2026/02/15/ridiculous-space-battles-progress/
Skipping entry older than last_ts: https://www.positech.co.uk/cliffsblog/2026/02/07/deployment-range-ui-for-ridiculous-space-battles/
Skipping entry older than last_ts: https://www.positech.co.uk/cliffsblog/2026/01/22/positech-is-funding-a-solar-powered-borehole-in-cameroon/
Skipping entry older than last_ts: https://www.positech.co.uk/cliffsblog/2026/01/09/welcome-to-the-new-webserver/

Processing feed: False Machine https://falsemachine.blogspot.com/feeds/posts/default
No new entries.

Processing feed: Time to Loot https://www.timetoloot.com/feed/
Skipping entry older than last_ts: https://www.timetoloot.com/blog/journal/time-to-loot-journal-march-2026/
Skipping entry older than last_ts: https://www.timetoloot.com/blog/journal/time-to-loot-journal-february-2026/
Skipping entry older than last_ts: https://www.timetoloot.com/blog/journal/time-to-loot-journal-january-2026/
Skipping entry older than last_ts: https://www.timetoloot.com/blog/time-to-loot-turns-seven/
Skipping entry older than last_ts: https://www.timetoloot.com/gaming/looking-back-on-gaming-2025-edition/
Skipping entry older than last_ts: https://www.timetoloot.com/blog/journal/time-to-loot-journal-december-2025/
Skipping entry older than last_ts: https://www.timetoloot.com/blog/journal/time-to-loot-journal-november-2025/
Skipping entry older than last_ts: https://www.timetoloot.com/blog/journal/time-to-loot-journal-october-2025/
Skipping entry older than last_ts: https://www.timetoloot.com/blog/journal/time-to-loot-journal-september-2025/
Skipping entry older than last_ts: https://www.timetoloot.com/other/accidentally-songs/
Skipping entry older than last_ts: https://www.timetoloot.com/blog/journal/time-to-loot-journal-august-2025/
Skipping entry older than last_ts: https://www.timetoloot.com/game/wuthering-waves/screenshot-saturday-wuthering-waves-2-6-edition/
Skipping entry older than last_ts: https://www.timetoloot.com/other/youd-never-guess-but/
Skipping entry older than last_ts: https://www.timetoloot.com/blog/thinking-out-loud-2/
Skipping entry older than last_ts: https://www.timetoloot.com/game/final-fantasy-xiv/the-far-edge-of-fate/

Processing feed: Coding Horror https://blog.codinghorror.com/rss/
No new entries.

Processing feed: usebox.net https://www.usebox.net/jjm/blog/index.xml
No new entries.

Processing feed: Sweetie Games https://sweetie.games/feed/
Picking entry: We’re Seeing More Video Game Adaptations than Ever Before https://sweetie.games/2026/05/02/were-seeing-more-video-game-adaptations-than-ever-before/
Fetching readable content for URL: https://sweetie.games/2026/05/02/were-seeing-more-video-game-adaptations-than-ever-before/
Fetched article length: 3402 characters
Picked item: We’re Seeing More Video Game Adaptations than Ever Before from Sweetie Games
Feed cap reached, stopping.
Updated selection tracking for Sweetie Games

Processing feed: Heartless Gamer https://www.heartlessgamer.com/feeds/posts/default?alt=rss
Skipping entry older than last_ts: http://www.heartlessgamer.com/2026/04/what-i-dont-like-about-current-arc.html
Skipping entry older than last_ts: http://www.heartlessgamer.com/2026/03/post-expedition-thoughts-arc-raiders.html
Skipping entry older than last_ts: http://www.heartlessgamer.com/2026/03/thoughts-on-marathon.html
Skipping entry older than last_ts: http://www.heartlessgamer.com/2026/02/arc-raiders-has-item-value-problem.html
Skipping entry older than last_ts: http://www.heartlessgamer.com/2026/02/super-bowl-thoughts.html

Processing feed: Words Under My Name https://wordsundermyname.wordpress.com/feed/
Skipping entry older than last_ts: https://wordsundermyname.wordpress.com/2026/04/23/4-22-2026-worm-sweet-worm/
Skipping entry older than last_ts: https://wordsundermyname.wordpress.com/2026/04/13/4-13-2026-advance-and-survive/
Skipping entry older than last_ts: https://wordsundermyname.wordpress.com/2026/03/31/3-31-2026-pop-in/
Skipping entry older than last_ts: https://wordsundermyname.wordpress.com/2026/03/05/3-5-2026-eye-balling-out/
Skipping entry older than last_ts: https://wordsundermyname.wordpress.com/2026/02/20/2-20-2026-rites-of-spring/
Skipping entry older than last_ts: https://wordsundermyname.wordpress.com/2026/02/13/2-13-2026-top-of-the-heap/
Skipping entry older than last_ts: https://wordsundermyname.wordpress.com/2026/02/03/2-3-2026-february-2026-check-in/
Skipping entry older than last_ts: https://wordsundermyname.wordpress.com/2026/01/22/1-22-2026-open-book/
Skipping entry older than last_ts: https://wordsundermyname.wordpress.com/2026/01/11/1-11-2026-becoming-human/
Skipping entry older than last_ts: https://wordsundermyname.wordpress.com/2026/01/07/1-7-2026-lighten-up/

Processing feed: An Archaeopteryx https://anarchaeopteryx.bearblog.dev/feed/
Skipping entry older than last_ts: https://anarchaeopteryx.bearblog.dev/2026-04-24-week-17-digest/
Skipping entry older than last_ts: https://anarchaeopteryx.bearblog.dev/2026-04-18-trash-bins-everywhere/
Skipping entry older than last_ts: https://anarchaeopteryx.bearblog.dev/2026-04-17-week-16-digest/
Skipping entry older than last_ts: https://anarchaeopteryx.bearblog.dev/2026-04-10-week-15-digest/
Skipping entry older than last_ts: https://anarchaeopteryx.bearblog.dev/2026-04-02-week-14-digest/
Skipping entry older than last_ts: https://anarchaeopteryx.bearblog.dev/2026-03-30-comply/
Skipping entry older than last_ts: https://anarchaeopteryx.bearblog.dev/2026-03-27-week-12-5-digest/
Skipping entry older than last_ts: https://anarchaeopteryx.bearblog.dev/2026-03-24-working-hard-or-hardly-working/
Skipping entry older than last_ts: https://anarchaeopteryx.bearblog.dev/2026-03-22-week-12-digest/
Skipping entry older than last_ts: https://anarchaeopteryx.bearblog.dev/2026-03-15-week-11-digest/

Processing feed: READ ONLY MEMO https://readonlymemo.com/rss/
Skipping entry older than last_ts: https://readonlymemo.com/if-youre-going-to-hype-up-the-neo-geo-at-least-admit-you-know-about-all-the-blood/
Skipping entry older than last_ts: https://readonlymemo.com/mister-3do-core-progress-accuracy-interview/
Skipping entry older than last_ts: https://readonlymemo.com/rexglue-xbox-360-recompilation-interview/
Skipping entry older than last_ts: https://readonlymemo.com/dreamm-explores-a-galaxy-of-fun-as-it-rescues-more-lucasarts-games-from-obscurity/
Skipping entry older than last_ts: https://readonlymemo.com/dolphin-triforce-key-of-avalon-arcade-emulation/
Skipping entry older than last_ts: https://readonlymemo.com/the-follow-up-taki-udon-on-the-superstation-dock-and-more-quest-64-recomp/
Skipping entry older than last_ts: https://readonlymemo.com/superstation-one-development-history-making-of-taki-udon-interview/
Skipping entry older than last_ts: https://readonlymemo.com/quest-64-recompiled-the-classic-rpg-like-youve-never-seen-it-before/
Skipping entry older than last_ts: https://readonlymemo.com/im-giving-away-a-japanese-boxed-copy-of-animal-crossing-dobutsu-no-mori-to-celebrate-3-000-subscribers/
Skipping entry older than last_ts: https://readonlymemo.com/sega-hikaru-emulation-demul-interview/
Skipping entry older than last_ts: https://readonlymemo.com/iisu-emulator-frontend-exowin9x/
Skipping entry older than last_ts: https://readonlymemo.com/analogue-3d-steam-machine-emulation/
Skipping entry older than last_ts: https://readonlymemo.com/vagrant-story-decompilation-interview/
Skipping entry older than last_ts: https://readonlymemo.com/paranoiascape-fan-translation/
Skipping entry older than last_ts: https://readonlymemo.com/mame-hyper-neo-geo-support-sound-emulation/

Processing feed: The Friendly Necromancer https://thefriendlynecromancer.blogspot.com/feeds/posts/default?alt=rss
No new entries.

Processing feed: Ongoing https://www.tbray.org/ongoing/ongoing.atom
No new entries.

Processing feed: Contains Moderate Peril http://www.containsmoderateperil.com/blog?format=rss
Picking entry: Spotify and Sound Quality https://www.containsmoderateperil.com/blog/2026/5/1/spotify-and-sound-quality
Fetching readable content for URL: https://www.containsmoderateperil.com/blog/2026/5/1/spotify-and-sound-quality
Fetched article length: 2083 characters
Picked item: Spotify and Sound Quality from Contains Moderate Peril
Feed cap reached, stopping.
Updated selection tracking for Contains Moderate Peril

Processing feed: Virtual Moose https://virtualmoose.org/feed/
No new entries.

Processing feed: nicole express https://nicole.express/feed.xml
No new entries.

Processing feed: MMO Casual https://wowaltaddiction.blogspot.com/feeds/posts/default?alt=rss
No new entries.

Processing feed: Jamie Zawinski's Blog https://cdn.jwz.org/blog/feed/
Picking entry: Happy time_t 1777777777 to all who celebrate https://www.jwz.org/blog/2026/05/happy-time_t-1777777777-to-all-who-celebrate/
Fetching readable content for URL: https://www.jwz.org/blog/2026/05/happy-time_t-1777777777-to-all-who-celebrate/
Fetched article length: 1046 characters
Picked item: Happy time_t 1777777777 to all who celebrate from Jamie Zawinski's Blog
Feed cap reached, stopping.
Updated selection tracking for Jamie Zawinski's Blog

Processing feed: In An Age http://inanage.com/feed/
Skipping entry older than last_ts: https://inanage.com/2026/04/28/retroid-pocket-6-and-nostalgia-horizon/
Skipping entry older than last_ts: https://inanage.com/2026/04/23/e33-back-on-the-horse/
Skipping entry older than last_ts: https://inanage.com/2026/04/18/more-impressions-slay-the-spire-2-pt-2/
Skipping entry older than last_ts: https://inanage.com/2026/04/06/entry-point/
Skipping entry older than last_ts: https://inanage.com/2026/04/02/game-development-is-expensive-for-dumb-reasons/
Skipping entry older than last_ts: https://inanage.com/2026/03/30/priced-in/
Skipping entry older than last_ts: https://inanage.com/2026/03/23/subnautica-may-day-maybe/
Skipping entry older than last_ts: https://inanage.com/2026/03/09/impressions-slay-the-spire-2/
Skipping entry older than last_ts: https://inanage.com/2026/03/03/level-of-enthusiasm-wiki/
Skipping entry older than last_ts: https://inanage.com/2026/02/26/time-deletion/

Processing feed: Luna's Gaming Log https://lunasgaminglog.com/feed/
Skipping entry older than last_ts: https://lunasgaminglog.com/2026/04/28/nippets-review/
Skipping entry older than last_ts: https://lunasgaminglog.com/2026/04/27/hello-writers-block/
Skipping entry older than last_ts: https://lunasgaminglog.com/2026/04/14/how-i-feel-playing-chants-of-sennaar/
Skipping entry older than last_ts: https://lunasgaminglog.com/2026/04/07/kitchen-sync-aloha-review/
Skipping entry older than last_ts: https://lunasgaminglog.com/2026/04/05/feeling-like-this-lately-%e2%80%92-scribbles-1/
Skipping entry older than last_ts: https://lunasgaminglog.com/2026/03/31/my-most-neglected-backlog-games/
Skipping entry older than last_ts: https://lunasgaminglog.com/2026/03/24/moonstone-island-deluxe-edition-unboxing/
Skipping entry older than last_ts: https://lunasgaminglog.com/2026/03/17/what-ive-been-playing-lately-hermit-and-pig-dredge-lost-and-found-co-pokopia-and-more/
Skipping entry older than last_ts: https://lunasgaminglog.com/2026/03/10/steam-next-fest-february-2026-roundup-part-2/
Skipping entry older than last_ts: https://lunasgaminglog.com/2026/03/03/steam-next-fest-february-2026-roundup-part-1/

Processing feed: Donkeyspace https://franklantz.substack.com/feed
Skipping entry older than last_ts: https://franklantz.substack.com/p/glips
Skipping entry older than last_ts: https://franklantz.substack.com/p/why-no-ai-games
Skipping entry older than last_ts: https://franklantz.substack.com/p/an-introduction-to-donkeyspace
Skipping entry older than last_ts: https://franklantz.substack.com/p/bells-inequality-guide-and-walkthrough
Skipping entry older than last_ts: https://franklantz.substack.com/p/honor-duels
Skipping entry older than last_ts: https://franklantz.substack.com/p/q-up
Skipping entry older than last_ts: https://franklantz.substack.com/p/i-hate-unity
Skipping entry older than last_ts: https://franklantz.substack.com/p/the-final-table
Skipping entry older than last_ts: https://franklantz.substack.com/p/welcome-to-the-blunderdome
Skipping entry older than last_ts: https://franklantz.substack.com/p/why-i-love-set
Skipping entry older than last_ts: https://franklantz.substack.com/p/fractal-block-world
Skipping entry older than last_ts: https://franklantz.substack.com/p/artt-in-the-age-of-artifficial-intelligence
Skipping entry older than last_ts: https://franklantz.substack.com/p/are-games-bad
Skipping entry older than last_ts: https://franklantz.substack.com/p/art-project
Skipping entry older than last_ts: https://franklantz.substack.com/p/are-games-good
Skipping entry older than last_ts: https://franklantz.substack.com/p/bridge
Skipping entry older than last_ts: https://franklantz.substack.com/p/how-to-play-a-game
Skipping entry older than last_ts: https://franklantz.substack.com/p/playing-balatro
Skipping entry older than last_ts: https://franklantz.substack.com/p/behold-the-world
Skipping entry older than last_ts: https://franklantz.substack.com/p/affect-is-protocol

Processing feed: The Almighty Backlog https://thealmightybacklog.wordpress.com/feed/
Picking entry: Eastward https://thealmightybacklog.wordpress.com/2026/05/03/eastward/
Fetching readable content for URL: https://thealmightybacklog.wordpress.com/2026/05/03/eastward/
Fetched article length: 15088 characters
Picked item: Eastward from The Almighty Backlog
Feed cap reached, stopping.
Updated selection tracking for The Almighty Backlog

Processing feed: brennan.day https://brennan.day/feed.xml
Picking entry: Writers Who Burned All Their Words feat. Bix Frankonis https://brennan.day/writers-who-burned-all-their-words-feat-bix-frankonis/
Fetching readable content for URL: https://brennan.day/writers-who-burned-all-their-words-feat-bix-frankonis/
Fetched article length: 23595 characters
Picked item: Writers Who Burned All Their Words feat. Bix Frankonis from brennan.day
Feed cap reached, stopping.
Updated selection tracking for brennan.day

Processing feed: Musing over Pints and Coffee https://musingsoverpintsandcoffee.wordpress.com/feed/
Skipping entry older than last_ts: https://musingsoverpintsandcoffee.wordpress.com/2026/04/29/the-stories-we-tell-ourselves-about-money/
Skipping entry older than last_ts: https://musingsoverpintsandcoffee.wordpress.com/2026/04/23/quiet-competence-vs-visible-productivity/
Skipping entry older than last_ts: https://musingsoverpintsandcoffee.wordpress.com/2026/04/15/what-flexible-actually-means/
Skipping entry older than last_ts: https://musingsoverpintsandcoffee.wordpress.com/2026/04/01/learning-to-read-differently/
Skipping entry older than last_ts: https://musingsoverpintsandcoffee.wordpress.com/2026/03/24/the-cost-of-staying-too-long/
Skipping entry older than last_ts: https://musingsoverpintsandcoffee.wordpress.com/2026/03/11/when-good-advice-stops-working/
Skipping entry older than last_ts: https://musingsoverpintsandcoffee.wordpress.com/2026/02/18/the-things-we-carry-forward/
Skipping entry older than last_ts: https://musingsoverpintsandcoffee.wordpress.com/2026/02/10/what-id-tell-someone-starting-in-accounting-today/
Skipping entry older than last_ts: https://musingsoverpintsandcoffee.wordpress.com/2026/02/04/being-useful-without-a-title/
Skipping entry older than last_ts: https://musingsoverpintsandcoffee.wordpress.com/2026/01/22/the-myth-of-stability/

Processing feed: Tobold's Blog http://feeds2.feedburner.com/ToboldsBlog
Picking entry: Longevity of survival crafting games http://tobolds.blogspot.com/2026/05/longevity-of-survival-crafting-games.html
Fetching readable content for URL: http://tobolds.blogspot.com/2026/05/longevity-of-survival-crafting-games.html
Fetched article length: 2300 characters
Picked item: Longevity of survival crafting games from Tobold's Blog
Feed cap reached, stopping.
Updated selection tracking for Tobold's Blog

Processing feed: Bio Break http://biobreak.wordpress.com/feed/
Skipping entry older than last_ts: https://biobreak.wordpress.com/2026/04/29/syps-gaming-goal-for-may-2026/
Skipping entry older than last_ts: https://biobreak.wordpress.com/2026/04/24/world-of-warcraft-jump-the-guild/
Skipping entry older than last_ts: https://biobreak.wordpress.com/2026/04/22/gaming-into-the-summer/
Skipping entry older than last_ts: https://biobreak.wordpress.com/2026/04/20/lotro-vacations-and-work-days-both-in-the-same-game/
Skipping entry older than last_ts: https://biobreak.wordpress.com/2026/04/17/world-of-warcraft-8/
Skipping entry older than last_ts: https://biobreak.wordpress.com/2026/04/15/lotro-aiming-for-a-fresh-start/
Skipping entry older than last_ts: https://biobreak.wordpress.com/2026/04/13/a-day-in-the-life-of-syps-music-listening/
Skipping entry older than last_ts: https://biobreak.wordpress.com/2026/04/10/world-of-warcraft-walking-into-the-void/
Skipping entry older than last_ts: https://biobreak.wordpress.com/2026/04/08/rimworld-alone-naked-and-ready-for-an-adventure/
Skipping entry older than last_ts: https://biobreak.wordpress.com/2026/04/06/nostalgia-lane-the-amazing-run-of-snes-and-playstation-jrpgs/

Processing feed: Aywren's Nook https://aywren.com/feed.xml
No new entries.

Processing feed: The Boardgames Chronicle https://theboardgameschronicle.com/feed/
No new entries.

Processing feed: Hamatti https://hamatti.org/feed/feed.xml
Picking entry: I tell about my blog to anyone willing to listen https://hamatti.org/posts/i-tell-about-my-blog-to-anyone-willing-to-listen/
Fetching readable content for URL: https://hamatti.org/posts/i-tell-about-my-blog-to-anyone-willing-to-listen/
Fetched article length: 4952 characters
Picked item: I tell about my blog to anyone willing to listen from Hamatti
Feed cap reached, stopping.
Updated selection tracking for Hamatti

Processing feed: Priest with a Cause https://priestwithacause.blogspot.com/feeds/posts/default?alt=rss
No new entries.

Processing feed: Leeks Cosy Corner https://leekscosycorner.com/feed/
Skipping entry older than last_ts: https://leekscosycorner.com/2026/04/29/inkonbini-review/
Skipping entry older than last_ts: https://leekscosycorner.com/2026/04/22/loftia-closed-beta/
Skipping entry older than last_ts: https://leekscosycorner.com/2026/04/18/egx-rezzed-2018/
Skipping entry older than last_ts: https://leekscosycorner.com/2026/04/15/pokemon-tcg-april/
Skipping entry older than last_ts: https://leekscosycorner.com/2026/04/07/nippets/
Skipping entry older than last_ts: https://leekscosycorner.com/2026/03/30/fishbowl-review/
Skipping entry older than last_ts: https://leekscosycorner.com/2026/03/29/the-sims-4-opinions/
Skipping entry older than last_ts: https://leekscosycorner.com/2026/03/23/infinity-nikki-march-recap/
Skipping entry older than last_ts: https://leekscosycorner.com/2026/03/19/cozy-grove/
Skipping entry older than last_ts: https://leekscosycorner.com/2026/03/15/trinket-bag-maker-review/

Processing feed: Retro XP https://rss.beehiiv.com/feeds/FlxjAIihEr.xml
Picking entry: Retro spotlight: Red Faction: Guerrilla https://retroxp.beehiiv.com/p/retro-spotlight-red-faction-guerrilla
Fetching readable content for URL: https://retroxp.beehiiv.com/p/retro-spotlight-red-faction-guerrilla
Fetched article length: 28415 characters
Picked item: Retro spotlight: Red Faction: Guerrilla from Retro XP
Feed cap reached, stopping.
Updated selection tracking for Retro XP

Processing feed: Inventory Full https://bhagpuss.blogspot.com/feeds/posts/default?alt=rss
Picking entry: Badgers And Bears https://bhagpuss.blogspot.com/2026/05/badgers-and-bears.html
Fetching readable content for URL: https://bhagpuss.blogspot.com/2026/05/badgers-and-bears.html
Fetched article length: 9302 characters
Picked item: Badgers And Bears from Inventory Full
Feed cap reached, stopping.
Updated selection tracking for Inventory Full

Processing feed: Scopique https://scopique.com/feed/
Total cap reached, stopping.

=== Feed Selection Statistics ===
https://quartercircleforward.blog/feed/: 68 days since last selection (1 total)
https://auricquantastrategies.space/feed/: 51 days since last selection (1 total)
https://smithtalkstech.com/feed/: 49 days since last selection (1 total)
https://margotplays.substack.com/feed: 47 days since last selection (5 total)
https://axxuy.xyz/blog/feed.xml: 45 days since last selection (3 total)
https://alexiaunplugged.com/feed/: 39 days since last selection (1 total)
https://blog.kevinbrill.com/feeds/posts/default: 39 days since last selection (1 total)
https://buried-treasure.org/feed/: 33 days since last selection (3 total)
https://feeds.feedburner.com/CrazykinuxsMusing: 25 days since last selection (14 total)
https://www.grumpygamer.com/rss: 23 days since last selection (3 total)
